2025-05-21 13:12:37,241 - INFO - Connected to database.
2025-05-21 13:12:37,243 - INFO - SELF JOIN query executed.
2025-05-21 13:12:37,252 - INFO - Results saved to self_join_results.csv
2025-05-21 13:12:37,252 - INFO - Script completed successfully.
2025-05-21 13:32:44,245 - INFO - Connected to database.
2025-05-21 13:32:44,247 - INFO - SELF JOIN query executed.
2025-05-21 13:32:44,254 - INFO - Results saved to self_join_results.csv
2025-05-21 13:32:44,255 - INFO - Script completed successfully.
2025-05-21 13:58:17,472 - INFO - Connected to database.
2025-05-21 13:58:17,474 - INFO - SELF JOIN query executed.
2025-05-21 13:58:17,481 - INFO - Results saved to self_join_results.csv
2025-05-21 13:58:17,482 - INFO - Script completed successfully.
2025-05-21 14:02:06,126 - INFO - Connected to database.
2025-05-21 14:02:06,130 - INFO - SELF JOIN query executed.
2025-05-21 14:02:06,141 - INFO - Results saved to self_join_results.csv
2025-05-21 14:02:06,141 - INFO - Script completed successfully.
2025-05-21 14:21:55,484 - ERROR - Database file not found: healthcare.db
2025-05-21 14:21:55,487 - ERROR - Error: Database file not found: healthcare.db
2025-05-21 14:21:55,487 - ERROR - Script failed: Database file not found: healthcare.db
2025-05-21 14:27:39,201 - INFO - Connected to database successfully.
2025-05-21 14:27:39,205 - INFO - SELF JOIN query executed successfully.
2025-05-21 14:27:39,213 - INFO - Results saved to self_join_results.csv
2025-05-21 14:27:39,213 - INFO - Script completed successfully.
