2025-05-19 22:35:06,354 - INFO - Connected to database successfully.
2025-05-19 22:35:06,366 - INFO - LEFT JOIN query executed successfully.
2025-05-19 22:35:06,376 - INFO - Results saved to left_join_results.csv
2025-05-19 22:35:06,376 - INFO - Database connection closed.
2025-05-19 22:35:06,376 - INFO - Script completed successfully.
2025-05-19 22:37:24,253 - INFO - Connected to database successfully.
2025-05-19 22:37:24,254 - INFO - LEFT JOIN query executed successfully.
2025-05-19 22:37:24,260 - INFO - Results saved to left_join_results.csv
2025-05-19 22:37:24,260 - INFO - Database connection closed.
2025-05-19 22:37:24,261 - INFO - Script completed successfully.
2025-05-19 22:40:45,740 - INFO - Connected to database successfully.
2025-05-19 22:40:45,751 - INFO - Inspected healthcare and doctors tables.
2025-05-19 22:40:45,753 - INFO - LEFT JOIN query executed successfully.
2025-05-19 22:40:45,760 - INFO - Results saved to left_join_results.csv
2025-05-19 22:40:45,761 - INFO - Script completed successfully.
2025-05-19 22:41:11,452 - ERROR - Database file not found: healthcare.db
2025-05-19 22:41:11,452 - ERROR - Error: Database file not found: healthcare.db
2025-05-19 22:41:11,452 - ERROR - Script failed: Database file not found: healthcare.db
2025-05-21 13:06:47,633 - ERROR - Database file not found: healthcare.db
2025-05-21 13:06:47,634 - ERROR - Error: Database file not found: healthcare.db
2025-05-21 13:06:47,634 - ERROR - Script failed: Database file not found: healthcare.db
2025-05-21 13:14:27,267 - INFO - Connected to database successfully.
2025-05-21 13:14:27,269 - ERROR - Error: Execution failed on sql 'SELECT doctor_name FROM doctors': no such table: doctors
2025-05-21 13:14:27,269 - ERROR - Script failed: Execution failed on sql 'SELECT doctor_name FROM doctors': no such table: doctors
2025-05-21 13:16:01,913 - INFO - Connected to database successfully.
2025-05-21 13:16:01,915 - ERROR - Error: Execution failed on sql 'SELECT doctor_name FROM doctors': no such table: doctors
2025-05-21 13:16:01,915 - ERROR - Script failed: Execution failed on sql 'SELECT doctor_name FROM doctors': no such table: doctors
2025-05-21 13:16:49,462 - INFO - Connected to database successfully.
2025-05-21 13:16:49,468 - INFO - Inspected healthcare and doctors tables.
2025-05-21 13:16:49,469 - INFO - LEFT JOIN query executed successfully.
2025-05-21 13:16:49,476 - INFO - Results saved to left_join_results.csv
2025-05-21 13:16:49,477 - INFO - Script completed successfully.
2025-05-21 13:32:42,099 - INFO - Connected to database successfully.
2025-05-21 13:32:42,126 - INFO - Inspected healthcare and doctors tables.
2025-05-21 13:32:42,127 - INFO - LEFT JOIN query executed successfully.
2025-05-21 13:32:42,136 - INFO - Results saved to left_join_results.csv
2025-05-21 13:32:42,137 - INFO - Script completed successfully.
2025-05-21 13:58:15,469 - INFO - Connected to database successfully.
2025-05-21 13:58:15,475 - INFO - Inspected healthcare and doctors tables.
2025-05-21 13:58:15,476 - INFO - LEFT JOIN query executed successfully.
2025-05-21 13:58:15,480 - INFO - Results saved to left_join_results.csv
2025-05-21 13:58:15,481 - INFO - Script completed successfully.
2025-05-21 14:03:12,574 - INFO - Connected to database successfully.
2025-05-21 14:03:12,580 - INFO - Inspected healthcare and doctors tables.
2025-05-21 14:03:12,581 - INFO - LEFT JOIN query executed successfully.
2025-05-21 14:03:12,586 - INFO - Results saved to left_join_results.csv
2025-05-21 14:03:12,586 - INFO - Script completed successfully.
