2025-05-19 21:28:33,658 - INFO - Connected to database successfully.
2025-05-19 21:28:33,678 - INFO - INNER JOIN query executed successfully.
2025-05-19 21:28:33,684 - INFO - Results saved to inner_join_results.csv
2025-05-19 21:28:33,687 - INFO - Database connection closed.
2025-05-19 21:28:33,687 - INFO - Script completed successfully.
2025-05-19 21:30:24,668 - INFO - Connected to database successfully.
2025-05-19 21:30:24,689 - INFO - INNER JOIN query executed successfully.
2025-05-19 21:30:24,697 - INFO - Results saved to inner_join_results.csv
2025-05-19 21:30:24,698 - INFO - Database connection closed.
2025-05-19 21:30:24,701 - INFO - Script completed successfully.
2025-05-19 21:34:52,850 - INFO - Connected to database successfully.
2025-05-19 21:34:52,853 - INFO - INNER JOIN query executed successfully.
2025-05-19 21:34:52,858 - INFO - Results saved to inner_join_results.csv
2025-05-19 21:34:52,859 - INFO - Database connection closed.
2025-05-19 21:34:52,859 - INFO - Script completed successfully.
2025-05-19 21:48:32,105 - INFO - Connected to database successfully.
2025-05-19 21:48:32,113 - INFO - Inspected healthcare and doctors tables.
2025-05-19 21:48:32,114 - INFO - INNER JOIN query executed successfully.
2025-05-19 21:48:32,117 - INFO - Results saved to inner_join_results.csv
2025-05-19 21:48:32,117 - INFO - Script completed successfully.
2025-05-19 21:51:17,735 - INFO - Connected to database successfully.
2025-05-19 21:51:17,740 - INFO - Inspected healthcare and doctors tables.
2025-05-19 21:51:17,740 - INFO - INNER JOIN query executed successfully.
2025-05-19 21:51:17,744 - INFO - Results saved to inner_join_results.csv
2025-05-19 21:51:17,744 - INFO - Script completed successfully.
2025-05-19 21:58:46,743 - INFO - Connected to database successfully.
2025-05-19 21:58:46,753 - INFO - Inspected healthcare and doctors tables.
2025-05-19 21:58:46,754 - INFO - INNER JOIN query executed successfully.
2025-05-19 21:58:46,765 - INFO - Results saved to inner_join_results.csv
2025-05-19 21:58:46,766 - INFO - Script completed successfully.
